FATAL Port 4000 has been used. Try other port instead.
FATAL Something's wrong. Maybe you can find the solution here: http://hexo.io/docs/troubleshooting.html
Error: listen EADDRINUSE 0.0.0.0:4000
    at Object.exports._errnoException (util.js:1036:11)
    at exports._exceptionWithHostPort (util.js:1059:20)
    at Server._listen2 (net.js:1252:14)
    at listen (net.js:1288:10)
    at net.js:1398:9
    at _combinedTickCallback (internal/process/next_tick.js:77:11)
    at process._tickCallback (internal/process/next_tick.js:98:9)
FATAL listen EADDRINUSE 0.0.0.0:4000
Error: listen EADDRINUSE 0.0.0.0:4000
    at Object.exports._errnoException (util.js:1036:11)
    at exports._exceptionWithHostPort (util.js:1059:20)
    at Server._listen2 (net.js:1252:14)
    at listen (net.js:1288:10)
    at net.js:1398:9
    at _combinedTickCallback (internal/process/next_tick.js:77:11)
    at process._tickCallback (internal/process/next_tick.js:98:9)
INFO  Start processing
INFO  Files loaded in 1.28 s
INFO  Generated: categories/index.html
INFO  Generated: tags/index.html
INFO  Generated: 2016/09/21/【electron】如何在渲染进程跳转时保存socket连接/index.html
INFO  Generated: archives/index.html
INFO  Generated: archives/2016/index.html
INFO  Generated: archives/2016/09/index.html
INFO  Generated: index.html
INFO  Generated: tags/electron/index.html
INFO  Generated: tags/socket/index.html
INFO  Generated: tags/node-js/index.html
INFO  Generated: images/avatar.gif
INFO  Generated: images/cc-by-nc-nd.svg
INFO  Generated: images/cc-by-nc-sa.svg
INFO  Generated: images/cc-by-nc.svg
INFO  Generated: images/cc-by-nd.svg
INFO  Generated: images/cc-by-sa.svg
INFO  Generated: images/cc-by.svg
INFO  Generated: images/cc-zero.svg
INFO  Generated: images/loading.gif
INFO  Generated: images/placeholder.gif
INFO  Generated: images/quote-l.svg
INFO  Generated: images/quote-r.svg
INFO  Generated: images/searchicon.png
INFO  Generated: vendors/fastclick/LICENSE
INFO  Generated: vendors/font-awesome/HELP-US-OUT.txt
INFO  Generated: vendors/fancybox/source/blank.gif
INFO  Generated: vendors/fancybox/source/fancybox_loading.gif
INFO  Generated: vendors/fancybox/source/fancybox_loading@2x.gif
INFO  Generated: vendors/fancybox/source/fancybox_overlay.png
INFO  Generated: vendors/fancybox/source/fancybox_sprite.png
INFO  Generated: vendors/fancybox/source/fancybox_sprite@2x.png
INFO  Generated: vendors/font-awesome/css/font-awesome.css.map
INFO  Generated: vendors/font-awesome/fonts/fontawesome-webfont.woff2
INFO  Generated: vendors/fancybox/source/helpers/fancybox_buttons.png
INFO  Generated: vendors/font-awesome/fonts/FontAwesome.otf
INFO  Generated: vendors/font-awesome/fonts/fontawesome-webfont.eot
INFO  Generated: vendors/font-awesome/fonts/fontawesome-webfont.woff
INFO  Generated: js/src/affix.js
INFO  Generated: js/src/bootstrap.js
INFO  Generated: js/src/hook-duoshuo.js
INFO  Generated: js/src/motion.js
INFO  Generated: js/src/post-details.js
INFO  Generated: js/src/scrollspy.js
INFO  Generated: js/src/utils.js
INFO  Generated: vendors/fastclick/README.html
INFO  Generated: vendors/fastclick/bower.json
INFO  Generated: vendors/font-awesome/bower.json
INFO  Generated: vendors/jquery_lazyload/CONTRIBUTING.html
INFO  Generated: vendors/jquery_lazyload/README.html
INFO  Generated: vendors/jquery_lazyload/bower.json
INFO  Generated: vendors/jquery_lazyload/jquery.lazyload.js
INFO  Generated: vendors/jquery_lazyload/jquery.scrollstop.js
INFO  Generated: vendors/velocity/bower.json
INFO  Generated: vendors/velocity/velocity.ui.min.js
INFO  Generated: js/src/schemes/pisces.js
INFO  Generated: vendors/fancybox/source/jquery.fancybox.css
INFO  Generated: vendors/fastclick/lib/fastclick.min.js
INFO  Generated: vendors/ua-parser-js/dist/ua-parser.min.js
INFO  Generated: vendors/ua-parser-js/dist/ua-parser.pack.js
INFO  Generated: vendors/fancybox/source/helpers/jquery.fancybox-buttons.css
INFO  Generated: vendors/fancybox/source/helpers/jquery.fancybox-buttons.js
INFO  Generated: vendors/fancybox/source/helpers/jquery.fancybox-media.js
INFO  Generated: vendors/fancybox/source/helpers/jquery.fancybox-thumbs.css
INFO  Generated: vendors/fancybox/source/helpers/jquery.fancybox-thumbs.js
INFO  Generated: css/main.css
INFO  Generated: vendors/velocity/velocity.min.js
INFO  Generated: vendors/velocity/velocity.ui.js
INFO  Generated: vendors/jquery/index.js
INFO  Generated: vendors/fancybox/source/jquery.fancybox.js
INFO  Generated: vendors/fancybox/source/jquery.fancybox.pack.js
INFO  Generated: vendors/fastclick/lib/fastclick.js
INFO  Generated: vendors/font-awesome/css/font-awesome.css
INFO  Generated: vendors/font-awesome/css/font-awesome.min.css
INFO  Generated: vendors/velocity/velocity.js
INFO  Generated: vendors/font-awesome/fonts/fontawesome-webfont.ttf
INFO  Generated: vendors/font-awesome/fonts/fontawesome-webfont.svg
INFO  76 files generated in 1.89 s
INFO  Hexo is watching for file changes. Press Ctrl+C to exit.
INFO  Start processing
INFO  Hexo is running at http://localhost:4000/. Press Ctrl+C to stop.
INFO  Good bye
INFO  Start processing
INFO  Files loaded in 1.33 s
INFO  0 files generated in 1.25 s
INFO  Hexo is watching for file changes. Press Ctrl+C to exit.
INFO  Generated: categories/index.html
INFO  Generated: tags/index.html
INFO  Generated: archives/index.html
INFO  Generated: archives/2016/index.html
INFO  Generated: archives/2016/09/index.html
INFO  Generated: index.html
INFO  Generated: tags/electron/index.html
INFO  Generated: tags/socket/index.html
INFO  Generated: tags/node-js/index.html
INFO  Generated: 2016/09/21/【electron】如何在渲染进程跳转时保存socket连接/index.html
INFO  Generated: 2016/09/21/【测试】/index.html
INFO  Deleted: 2016/09/21/【测试】/index.html
INFO  Generated: categories/index.html
INFO  Generated: tags/index.html
INFO  Generated: 2016/09/21/【electron】如何在渲染进程跳转时保存socket连接/index.html
INFO  Generated: archives/index.html
INFO  Generated: archives/2016/index.html
INFO  Generated: archives/2016/09/index.html
INFO  Generated: index.html
INFO  Generated: tags/electron/index.html
INFO  Generated: tags/socket/index.html
INFO  Generated: tags/node-js/index.html
INFO  Start processing
INFO  Hexo is running at http://localhost:4000/. Press Ctrl+C to stop.
INFO  Start processing
INFO  Files loaded in 1.28 s
INFO  0 files generated in 695 ms
INFO  Hexo is watching for file changes. Press Ctrl+C to exit.
INFO  Good bye
INFO  Start processing
INFO  Files loaded in 1.28 s
INFO  0 files generated in 724 ms
INFO  Hexo is watching for file changes. Press Ctrl+C to exit.
INFO  Start processing
INFO  Hexo is running at http://localhost:4000/. Press Ctrl+C to stop.
INFO  Start processing
INFO  Files loaded in 1.23 s
INFO  Generated: index.html
INFO  Generated: categories/index.html
INFO  Generated: tags/index.html
INFO  Generated: archives/index.html
INFO  Generated: images/avatar.gif
INFO  Generated: images/cc-by-nc-nd.svg
INFO  Generated: images/cc-by-nc-sa.svg
INFO  Generated: images/cc-by-nc.svg
INFO  Generated: images/cc-by-nd.svg
INFO  Generated: images/cc-by-sa.svg
INFO  Generated: images/cc-zero.svg
INFO  Generated: images/cc-by.svg
INFO  Generated: images/loading.gif
INFO  Generated: images/placeholder.gif
INFO  Generated: images/quote-l.svg
INFO  Generated: images/quote-r.svg
INFO  Generated: images/searchicon.png
INFO  Generated: archives/2016/09/index.html
INFO  Generated: categories/心得笔记/index.html
INFO  Generated: tags/electron/index.html
INFO  Generated: tags/socket/index.html
INFO  Generated: tags/node-js/index.html
INFO  Generated: archives/2016/index.html
INFO  Generated: vendors/fastclick/LICENSE
INFO  Generated: vendors/jquery_lazyload/jquery.lazyload.js
INFO  Generated: vendors/velocity/bower.json
INFO  Generated: css/main.css
INFO  Generated: vendors/jquery/index.js
INFO  Generated: vendors/fastclick/README.html
INFO  Generated: vendors/fastclick/bower.json
INFO  Generated: vendors/font-awesome/bower.json
INFO  Generated: vendors/jquery_lazyload/CONTRIBUTING.html
INFO  Generated: vendors/jquery_lazyload/README.html
INFO  Generated: vendors/jquery_lazyload/bower.json
INFO  Generated: vendors/jquery_lazyload/jquery.scrollstop.js
INFO  Generated: vendors/velocity/velocity.ui.min.js
INFO  Generated: vendors/velocity/velocity.min.js
INFO  Generated: vendors/velocity/velocity.ui.js
INFO  Generated: vendors/velocity/velocity.js
INFO  Generated: vendors/font-awesome/HELP-US-OUT.txt
INFO  Generated: vendors/font-awesome/fonts/fontawesome-webfont.eot
INFO  Generated: vendors/font-awesome/fonts/fontawesome-webfont.svg
INFO  Generated: vendors/font-awesome/fonts/FontAwesome.otf
INFO  Generated: vendors/font-awesome/fonts/fontawesome-webfont.woff
INFO  Generated: vendors/fancybox/source/helpers/fancybox_buttons.png
INFO  Generated: js/src/bootstrap.js
INFO  Generated: vendors/ua-parser-js/dist/ua-parser.min.js
INFO  Generated: vendors/fastclick/lib/fastclick.min.js
INFO  Generated: vendors/font-awesome/css/font-awesome.css
INFO  Generated: js/src/motion.js
INFO  Generated: js/src/affix.js
INFO  Generated: js/src/hook-duoshuo.js
INFO  Generated: js/src/post-details.js
INFO  Generated: js/src/utils.js
INFO  Generated: js/src/scrollspy.js
INFO  Generated: vendors/fancybox/source/jquery.fancybox.css
INFO  Generated: vendors/ua-parser-js/dist/ua-parser.pack.js
INFO  Generated: vendors/fancybox/source/helpers/jquery.fancybox-buttons.css
INFO  Generated: vendors/fancybox/source/helpers/jquery.fancybox-buttons.js
INFO  Generated: vendors/fancybox/source/helpers/jquery.fancybox-media.js
INFO  Generated: vendors/fancybox/source/helpers/jquery.fancybox-thumbs.css
INFO  Generated: vendors/fancybox/source/helpers/jquery.fancybox-thumbs.js
INFO  Generated: vendors/fancybox/source/jquery.fancybox.pack.js
INFO  Generated: vendors/fancybox/source/jquery.fancybox.js
INFO  Generated: vendors/fastclick/lib/fastclick.js
INFO  Generated: vendors/font-awesome/css/font-awesome.min.css
INFO  Generated: vendors/font-awesome/fonts/fontawesome-webfont.ttf
INFO  Generated: vendors/fancybox/source/blank.gif
INFO  Generated: vendors/fancybox/source/fancybox_loading.gif
INFO  Generated: vendors/fancybox/source/fancybox_loading@2x.gif
INFO  Generated: vendors/fancybox/source/fancybox_overlay.png
INFO  Generated: vendors/fancybox/source/fancybox_sprite.png
INFO  Generated: vendors/fancybox/source/fancybox_sprite@2x.png
INFO  Generated: vendors/font-awesome/css/font-awesome.css.map
INFO  Generated: vendors/font-awesome/fonts/fontawesome-webfont.woff2
INFO  Generated: 2016/09/21/【electron】如何在渲染进程跳转时保存socket连接/index.html
INFO  Generated: js/src/schemes/pisces.js
INFO  77 files generated in 2.04 s
INFO  Hexo is watching for file changes. Press Ctrl+C to exit.
INFO  Start processing
INFO  Hexo is running at http://localhost:4000/. Press Ctrl+C to stop.
INFO  Start processing
INFO  Hexo is running at http://localhost:80/. Press Ctrl+C to stop.
INFO  Start processing
INFO  Hexo is running at http://localhost:80/. Press Ctrl+C to stop.
INFO  Start processing
INFO  Hexo is running at http://localhost:80/. Press Ctrl+C to stop.
URIError: URI malformed
    at decodeURIComponent (native)
    at /home/blog/node_modules/.0.2.0@hexo-server/lib/middlewares/route.js:18:28
    at call (/home/blog/node_modules/.3.5.0@connect/index.js:239:7)
    at next (/home/blog/node_modules/.3.5.0@connect/index.js:183:5)
    at /home/blog/node_modules/.0.2.0@hexo-server/lib/middlewares/header.js:9:5
    at call (/home/blog/node_modules/.3.5.0@connect/index.js:239:7)
    at next (/home/blog/node_modules/.3.5.0@connect/index.js:183:5)
    at Function.handle (/home/blog/node_modules/.3.5.0@connect/index.js:186:3)
    at Server.app (/home/blog/node_modules/.3.5.0@connect/index.js:51:37)
    at emitTwo (events.js:106:13)
    at Server.emit (events.js:191:7)
    at HTTPParser.parserOnIncoming [as onIncoming] (_http_server.js:543:12)
    at HTTPParser.parserOnHeadersComplete (_http_common.js:99:23)
URIError: URI malformed
    at decodeURIComponent (native)
    at /home/blog/node_modules/.0.2.0@hexo-server/lib/middlewares/route.js:18:28
    at call (/home/blog/node_modules/.3.5.0@connect/index.js:239:7)
    at next (/home/blog/node_modules/.3.5.0@connect/index.js:183:5)
    at /home/blog/node_modules/.0.2.0@hexo-server/lib/middlewares/header.js:9:5
    at call (/home/blog/node_modules/.3.5.0@connect/index.js:239:7)
    at next (/home/blog/node_modules/.3.5.0@connect/index.js:183:5)
    at Function.handle (/home/blog/node_modules/.3.5.0@connect/index.js:186:3)
    at Server.app (/home/blog/node_modules/.3.5.0@connect/index.js:51:37)
    at emitTwo (events.js:106:13)
    at Server.emit (events.js:191:7)
    at HTTPParser.parserOnIncoming [as onIncoming] (_http_server.js:543:12)
    at HTTPParser.parserOnHeadersComplete (_http_common.js:99:23)
URIError: URI malformed
    at decodeURIComponent (native)
    at /home/blog/node_modules/.0.2.0@hexo-server/lib/middlewares/route.js:18:28
    at call (/home/blog/node_modules/.3.5.0@connect/index.js:239:7)
    at next (/home/blog/node_modules/.3.5.0@connect/index.js:183:5)
    at /home/blog/node_modules/.0.2.0@hexo-server/lib/middlewares/header.js:9:5
    at call (/home/blog/node_modules/.3.5.0@connect/index.js:239:7)
    at next (/home/blog/node_modules/.3.5.0@connect/index.js:183:5)
    at Function.handle (/home/blog/node_modules/.3.5.0@connect/index.js:186:3)
    at Server.app (/home/blog/node_modules/.3.5.0@connect/index.js:51:37)
    at emitTwo (events.js:106:13)
    at Server.emit (events.js:191:7)
    at HTTPParser.parserOnIncoming [as onIncoming] (_http_server.js:543:12)
    at HTTPParser.parserOnHeadersComplete (_http_common.js:99:23)
URIError: URI malformed
    at decodeURIComponent (native)
    at /home/blog/node_modules/.0.2.0@hexo-server/lib/middlewares/route.js:18:28
    at call (/home/blog/node_modules/.3.5.0@connect/index.js:239:7)
    at next (/home/blog/node_modules/.3.5.0@connect/index.js:183:5)
    at /home/blog/node_modules/.0.2.0@hexo-server/lib/middlewares/header.js:9:5
    at call (/home/blog/node_modules/.3.5.0@connect/index.js:239:7)
    at next (/home/blog/node_modules/.3.5.0@connect/index.js:183:5)
    at Function.handle (/home/blog/node_modules/.3.5.0@connect/index.js:186:3)
    at Server.app (/home/blog/node_modules/.3.5.0@connect/index.js:51:37)
    at emitTwo (events.js:106:13)
    at Server.emit (events.js:191:7)
    at HTTPParser.parserOnIncoming [as onIncoming] (_http_server.js:543:12)
    at HTTPParser.parserOnHeadersComplete (_http_common.js:99:23)
URIError: URI malformed
    at decodeURIComponent (native)
    at /home/blog/node_modules/.0.2.0@hexo-server/lib/middlewares/route.js:18:28
    at call (/home/blog/node_modules/.3.5.0@connect/index.js:239:7)
    at next (/home/blog/node_modules/.3.5.0@connect/index.js:183:5)
    at /home/blog/node_modules/.0.2.0@hexo-server/lib/middlewares/header.js:9:5
    at call (/home/blog/node_modules/.3.5.0@connect/index.js:239:7)
    at next (/home/blog/node_modules/.3.5.0@connect/index.js:183:5)
    at Function.handle (/home/blog/node_modules/.3.5.0@connect/index.js:186:3)
    at Server.app (/home/blog/node_modules/.3.5.0@connect/index.js:51:37)
    at emitTwo (events.js:106:13)
    at Server.emit (events.js:191:7)
    at HTTPParser.parserOnIncoming [as onIncoming] (_http_server.js:543:12)
    at HTTPParser.parserOnHeadersComplete (_http_common.js:99:23)
URIError: URI malformed
    at decodeURIComponent (native)
    at /home/blog/node_modules/.0.2.0@hexo-server/lib/middlewares/route.js:18:28
    at call (/home/blog/node_modules/.3.5.0@connect/index.js:239:7)
    at next (/home/blog/node_modules/.3.5.0@connect/index.js:183:5)
    at /home/blog/node_modules/.0.2.0@hexo-server/lib/middlewares/header.js:9:5
    at call (/home/blog/node_modules/.3.5.0@connect/index.js:239:7)
    at next (/home/blog/node_modules/.3.5.0@connect/index.js:183:5)
    at Function.handle (/home/blog/node_modules/.3.5.0@connect/index.js:186:3)
    at Server.app (/home/blog/node_modules/.3.5.0@connect/index.js:51:37)
    at emitTwo (events.js:106:13)
    at Server.emit (events.js:191:7)
    at HTTPParser.parserOnIncoming [as onIncoming] (_http_server.js:543:12)
    at HTTPParser.parserOnHeadersComplete (_http_common.js:99:23)
URIError: URI malformed
    at decodeURIComponent (native)
    at /home/blog/node_modules/.0.2.0@hexo-server/lib/middlewares/route.js:18:28
    at call (/home/blog/node_modules/.3.5.0@connect/index.js:239:7)
    at next (/home/blog/node_modules/.3.5.0@connect/index.js:183:5)
    at /home/blog/node_modules/.0.2.0@hexo-server/lib/middlewares/header.js:9:5
    at call (/home/blog/node_modules/.3.5.0@connect/index.js:239:7)
    at next (/home/blog/node_modules/.3.5.0@connect/index.js:183:5)
    at Function.handle (/home/blog/node_modules/.3.5.0@connect/index.js:186:3)
    at Server.app (/home/blog/node_modules/.3.5.0@connect/index.js:51:37)
    at emitTwo (events.js:106:13)
    at Server.emit (events.js:191:7)
    at HTTPParser.parserOnIncoming [as onIncoming] (_http_server.js:543:12)
    at HTTPParser.parserOnHeadersComplete (_http_common.js:99:23)
URIError: URI malformed
    at decodeURIComponent (native)
    at /home/blog/node_modules/.0.2.0@hexo-server/lib/middlewares/route.js:18:28
    at call (/home/blog/node_modules/.3.5.0@connect/index.js:239:7)
    at next (/home/blog/node_modules/.3.5.0@connect/index.js:183:5)
    at /home/blog/node_modules/.0.2.0@hexo-server/lib/middlewares/header.js:9:5
    at call (/home/blog/node_modules/.3.5.0@connect/index.js:239:7)
    at next (/home/blog/node_modules/.3.5.0@connect/index.js:183:5)
    at Function.handle (/home/blog/node_modules/.3.5.0@connect/index.js:186:3)
    at Server.app (/home/blog/node_modules/.3.5.0@connect/index.js:51:37)
    at emitTwo (events.js:106:13)
    at Server.emit (events.js:191:7)
    at HTTPParser.parserOnIncoming [as onIncoming] (_http_server.js:543:12)
    at HTTPParser.parserOnHeadersComplete (_http_common.js:99:23)
URIError: URI malformed
    at decodeURIComponent (native)
    at /home/blog/node_modules/.0.2.0@hexo-server/lib/middlewares/route.js:18:28
    at call (/home/blog/node_modules/.3.5.0@connect/index.js:239:7)
    at next (/home/blog/node_modules/.3.5.0@connect/index.js:183:5)
    at /home/blog/node_modules/.0.2.0@hexo-server/lib/middlewares/header.js:9:5
    at call (/home/blog/node_modules/.3.5.0@connect/index.js:239:7)
    at next (/home/blog/node_modules/.3.5.0@connect/index.js:183:5)
    at Function.handle (/home/blog/node_modules/.3.5.0@connect/index.js:186:3)
    at Server.app (/home/blog/node_modules/.3.5.0@connect/index.js:51:37)
    at emitTwo (events.js:106:13)
    at Server.emit (events.js:191:7)
    at HTTPParser.parserOnIncoming [as onIncoming] (_http_server.js:543:12)
    at HTTPParser.parserOnHeadersComplete (_http_common.js:99:23)
URIError: URI malformed
    at decodeURIComponent (native)
    at /home/blog/node_modules/.0.2.0@hexo-server/lib/middlewares/route.js:18:28
    at call (/home/blog/node_modules/.3.5.0@connect/index.js:239:7)
    at next (/home/blog/node_modules/.3.5.0@connect/index.js:183:5)
    at /home/blog/node_modules/.0.2.0@hexo-server/lib/middlewares/header.js:9:5
    at call (/home/blog/node_modules/.3.5.0@connect/index.js:239:7)
    at next (/home/blog/node_modules/.3.5.0@connect/index.js:183:5)
    at Function.handle (/home/blog/node_modules/.3.5.0@connect/index.js:186:3)
    at Server.app (/home/blog/node_modules/.3.5.0@connect/index.js:51:37)
    at emitTwo (events.js:106:13)
    at Server.emit (events.js:191:7)
    at HTTPParser.parserOnIncoming [as onIncoming] (_http_server.js:543:12)
    at HTTPParser.parserOnHeadersComplete (_http_common.js:99:23)
URIError: URI malformed
    at decodeURIComponent (native)
    at /home/blog/node_modules/.0.2.0@hexo-server/lib/middlewares/route.js:18:28
    at call (/home/blog/node_modules/.3.5.0@connect/index.js:239:7)
    at next (/home/blog/node_modules/.3.5.0@connect/index.js:183:5)
    at /home/blog/node_modules/.0.2.0@hexo-server/lib/middlewares/header.js:9:5
    at call (/home/blog/node_modules/.3.5.0@connect/index.js:239:7)
    at next (/home/blog/node_modules/.3.5.0@connect/index.js:183:5)
    at Function.handle (/home/blog/node_modules/.3.5.0@connect/index.js:186:3)
    at Server.app (/home/blog/node_modules/.3.5.0@connect/index.js:51:37)
    at emitTwo (events.js:106:13)
    at Server.emit (events.js:191:7)
    at HTTPParser.parserOnIncoming [as onIncoming] (_http_server.js:543:12)
    at HTTPParser.parserOnHeadersComplete (_http_common.js:99:23)
URIError: URI malformed
    at decodeURIComponent (native)
    at /home/blog/node_modules/.0.2.0@hexo-server/lib/middlewares/route.js:18:28
    at call (/home/blog/node_modules/.3.5.0@connect/index.js:239:7)
    at next (/home/blog/node_modules/.3.5.0@connect/index.js:183:5)
    at /home/blog/node_modules/.0.2.0@hexo-server/lib/middlewares/header.js:9:5
    at call (/home/blog/node_modules/.3.5.0@connect/index.js:239:7)
    at next (/home/blog/node_modules/.3.5.0@connect/index.js:183:5)
    at Function.handle (/home/blog/node_modules/.3.5.0@connect/index.js:186:3)
    at Server.app (/home/blog/node_modules/.3.5.0@connect/index.js:51:37)
    at emitTwo (events.js:106:13)
    at Server.emit (events.js:191:7)
    at HTTPParser.parserOnIncoming [as onIncoming] (_http_server.js:543:12)
    at HTTPParser.parserOnHeadersComplete (_http_common.js:99:23)
URIError: URI malformed
    at decodeURIComponent (native)
    at /home/blog/node_modules/.0.2.0@hexo-server/lib/middlewares/route.js:18:28
    at call (/home/blog/node_modules/.3.5.0@connect/index.js:239:7)
    at next (/home/blog/node_modules/.3.5.0@connect/index.js:183:5)
    at /home/blog/node_modules/.0.2.0@hexo-server/lib/middlewares/header.js:9:5
    at call (/home/blog/node_modules/.3.5.0@connect/index.js:239:7)
    at next (/home/blog/node_modules/.3.5.0@connect/index.js:183:5)
    at Function.handle (/home/blog/node_modules/.3.5.0@connect/index.js:186:3)
    at Server.app (/home/blog/node_modules/.3.5.0@connect/index.js:51:37)
    at emitTwo (events.js:106:13)
    at Server.emit (events.js:191:7)
    at HTTPParser.parserOnIncoming [as onIncoming] (_http_server.js:543:12)
    at HTTPParser.parserOnHeadersComplete (_http_common.js:99:23)
URIError: URI malformed
    at decodeURIComponent (native)
    at /home/blog/node_modules/.0.2.0@hexo-server/lib/middlewares/route.js:18:28
    at call (/home/blog/node_modules/.3.5.0@connect/index.js:239:7)
    at next (/home/blog/node_modules/.3.5.0@connect/index.js:183:5)
    at /home/blog/node_modules/.0.2.0@hexo-server/lib/middlewares/header.js:9:5
    at call (/home/blog/node_modules/.3.5.0@connect/index.js:239:7)
    at next (/home/blog/node_modules/.3.5.0@connect/index.js:183:5)
    at Function.handle (/home/blog/node_modules/.3.5.0@connect/index.js:186:3)
    at Server.app (/home/blog/node_modules/.3.5.0@connect/index.js:51:37)
    at emitTwo (events.js:106:13)
    at Server.emit (events.js:191:7)
    at HTTPParser.parserOnIncoming [as onIncoming] (_http_server.js:543:12)
    at HTTPParser.parserOnHeadersComplete (_http_common.js:99:23)
URIError: URI malformed
    at decodeURIComponent (native)
    at /home/blog/node_modules/.0.2.0@hexo-server/lib/middlewares/route.js:18:28
    at call (/home/blog/node_modules/.3.5.0@connect/index.js:239:7)
    at next (/home/blog/node_modules/.3.5.0@connect/index.js:183:5)
    at /home/blog/node_modules/.0.2.0@hexo-server/lib/middlewares/header.js:9:5
    at call (/home/blog/node_modules/.3.5.0@connect/index.js:239:7)
    at next (/home/blog/node_modules/.3.5.0@connect/index.js:183:5)
    at Function.handle (/home/blog/node_modules/.3.5.0@connect/index.js:186:3)
    at Server.app (/home/blog/node_modules/.3.5.0@connect/index.js:51:37)
    at emitTwo (events.js:106:13)
    at Server.emit (events.js:191:7)
    at HTTPParser.parserOnIncoming [as onIncoming] (_http_server.js:543:12)
    at HTTPParser.parserOnHeadersComplete (_http_common.js:99:23)
URIError: URI malformed
    at decodeURIComponent (native)
    at /home/blog/node_modules/.0.2.0@hexo-server/lib/middlewares/route.js:18:28
    at call (/home/blog/node_modules/.3.5.0@connect/index.js:239:7)
    at next (/home/blog/node_modules/.3.5.0@connect/index.js:183:5)
    at /home/blog/node_modules/.0.2.0@hexo-server/lib/middlewares/header.js:9:5
    at call (/home/blog/node_modules/.3.5.0@connect/index.js:239:7)
    at next (/home/blog/node_modules/.3.5.0@connect/index.js:183:5)
    at Function.handle (/home/blog/node_modules/.3.5.0@connect/index.js:186:3)
    at Server.app (/home/blog/node_modules/.3.5.0@connect/index.js:51:37)
    at emitTwo (events.js:106:13)
    at Server.emit (events.js:191:7)
    at HTTPParser.parserOnIncoming [as onIncoming] (_http_server.js:543:12)
    at HTTPParser.parserOnHeadersComplete (_http_common.js:99:23)
URIError: URI malformed
    at decodeURIComponent (native)
    at /home/blog/node_modules/.0.2.0@hexo-server/lib/middlewares/route.js:18:28
    at call (/home/blog/node_modules/.3.5.0@connect/index.js:239:7)
    at next (/home/blog/node_modules/.3.5.0@connect/index.js:183:5)
    at /home/blog/node_modules/.0.2.0@hexo-server/lib/middlewares/header.js:9:5
    at call (/home/blog/node_modules/.3.5.0@connect/index.js:239:7)
    at next (/home/blog/node_modules/.3.5.0@connect/index.js:183:5)
    at Function.handle (/home/blog/node_modules/.3.5.0@connect/index.js:186:3)
    at Server.app (/home/blog/node_modules/.3.5.0@connect/index.js:51:37)
    at emitTwo (events.js:106:13)
    at Server.emit (events.js:191:7)
    at HTTPParser.parserOnIncoming [as onIncoming] (_http_server.js:543:12)
    at HTTPParser.parserOnHeadersComplete (_http_common.js:99:23)
URIError: URI malformed
    at decodeURIComponent (native)
    at /home/blog/node_modules/.0.2.0@hexo-server/lib/middlewares/route.js:18:28
    at call (/home/blog/node_modules/.3.5.0@connect/index.js:239:7)
    at next (/home/blog/node_modules/.3.5.0@connect/index.js:183:5)
    at /home/blog/node_modules/.0.2.0@hexo-server/lib/middlewares/header.js:9:5
    at call (/home/blog/node_modules/.3.5.0@connect/index.js:239:7)
    at next (/home/blog/node_modules/.3.5.0@connect/index.js:183:5)
    at Function.handle (/home/blog/node_modules/.3.5.0@connect/index.js:186:3)
    at Server.app (/home/blog/node_modules/.3.5.0@connect/index.js:51:37)
    at emitTwo (events.js:106:13)
    at Server.emit (events.js:191:7)
    at HTTPParser.parserOnIncoming [as onIncoming] (_http_server.js:543:12)
    at HTTPParser.parserOnHeadersComplete (_http_common.js:99:23)
URIError: URI malformed
    at decodeURIComponent (native)
    at /home/blog/node_modules/.0.2.0@hexo-server/lib/middlewares/route.js:18:28
    at call (/home/blog/node_modules/.3.5.0@connect/index.js:239:7)
    at next (/home/blog/node_modules/.3.5.0@connect/index.js:183:5)
    at /home/blog/node_modules/.0.2.0@hexo-server/lib/middlewares/header.js:9:5
    at call (/home/blog/node_modules/.3.5.0@connect/index.js:239:7)
    at next (/home/blog/node_modules/.3.5.0@connect/index.js:183:5)
    at Function.handle (/home/blog/node_modules/.3.5.0@connect/index.js:186:3)
    at Server.app (/home/blog/node_modules/.3.5.0@connect/index.js:51:37)
    at emitTwo (events.js:106:13)
    at Server.emit (events.js:191:7)
    at HTTPParser.parserOnIncoming [as onIncoming] (_http_server.js:543:12)
    at HTTPParser.parserOnHeadersComplete (_http_common.js:99:23)
URIError: URI malformed
    at decodeURIComponent (native)
    at /home/blog/node_modules/.0.2.0@hexo-server/lib/middlewares/route.js:18:28
    at call (/home/blog/node_modules/.3.5.0@connect/index.js:239:7)
    at next (/home/blog/node_modules/.3.5.0@connect/index.js:183:5)
    at /home/blog/node_modules/.0.2.0@hexo-server/lib/middlewares/header.js:9:5
    at call (/home/blog/node_modules/.3.5.0@connect/index.js:239:7)
    at next (/home/blog/node_modules/.3.5.0@connect/index.js:183:5)
    at Function.handle (/home/blog/node_modules/.3.5.0@connect/index.js:186:3)
    at Server.app (/home/blog/node_modules/.3.5.0@connect/index.js:51:37)
    at emitTwo (events.js:106:13)
    at Server.emit (events.js:191:7)
    at HTTPParser.parserOnIncoming [as onIncoming] (_http_server.js:543:12)
    at HTTPParser.parserOnHeadersComplete (_http_common.js:99:23)
URIError: URI malformed
    at decodeURIComponent (native)
    at /home/blog/node_modules/.0.2.0@hexo-server/lib/middlewares/route.js:18:28
    at call (/home/blog/node_modules/.3.5.0@connect/index.js:239:7)
    at next (/home/blog/node_modules/.3.5.0@connect/index.js:183:5)
    at /home/blog/node_modules/.0.2.0@hexo-server/lib/middlewares/header.js:9:5
    at call (/home/blog/node_modules/.3.5.0@connect/index.js:239:7)
    at next (/home/blog/node_modules/.3.5.0@connect/index.js:183:5)
    at Function.handle (/home/blog/node_modules/.3.5.0@connect/index.js:186:3)
    at Server.app (/home/blog/node_modules/.3.5.0@connect/index.js:51:37)
    at emitTwo (events.js:106:13)
    at Server.emit (events.js:191:7)
    at HTTPParser.parserOnIncoming [as onIncoming] (_http_server.js:543:12)
    at HTTPParser.parserOnHeadersComplete (_http_common.js:99:23)
URIError: URI malformed
    at decodeURIComponent (native)
    at /home/blog/node_modules/.0.2.0@hexo-server/lib/middlewares/route.js:18:28
    at call (/home/blog/node_modules/.3.5.0@connect/index.js:239:7)
    at next (/home/blog/node_modules/.3.5.0@connect/index.js:183:5)
    at /home/blog/node_modules/.0.2.0@hexo-server/lib/middlewares/header.js:9:5
    at call (/home/blog/node_modules/.3.5.0@connect/index.js:239:7)
    at next (/home/blog/node_modules/.3.5.0@connect/index.js:183:5)
    at Function.handle (/home/blog/node_modules/.3.5.0@connect/index.js:186:3)
    at Server.app (/home/blog/node_modules/.3.5.0@connect/index.js:51:37)
    at emitTwo (events.js:106:13)
    at Server.emit (events.js:191:7)
    at HTTPParser.parserOnIncoming [as onIncoming] (_http_server.js:543:12)
    at HTTPParser.parserOnHeadersComplete (_http_common.js:99:23)
URIError: URI malformed
    at decodeURIComponent (native)
    at /home/blog/node_modules/.0.2.0@hexo-server/lib/middlewares/route.js:18:28
    at call (/home/blog/node_modules/.3.5.0@connect/index.js:239:7)
    at next (/home/blog/node_modules/.3.5.0@connect/index.js:183:5)
    at /home/blog/node_modules/.0.2.0@hexo-server/lib/middlewares/header.js:9:5
    at call (/home/blog/node_modules/.3.5.0@connect/index.js:239:7)
    at next (/home/blog/node_modules/.3.5.0@connect/index.js:183:5)
    at Function.handle (/home/blog/node_modules/.3.5.0@connect/index.js:186:3)
    at Server.app (/home/blog/node_modules/.3.5.0@connect/index.js:51:37)
    at emitTwo (events.js:106:13)
    at Server.emit (events.js:191:7)
    at HTTPParser.parserOnIncoming [as onIncoming] (_http_server.js:543:12)
    at HTTPParser.parserOnHeadersComplete (_http_common.js:99:23)
URIError: URI malformed
    at decodeURIComponent (native)
    at /home/blog/node_modules/.0.2.0@hexo-server/lib/middlewares/route.js:18:28
    at call (/home/blog/node_modules/.3.5.0@connect/index.js:239:7)
    at next (/home/blog/node_modules/.3.5.0@connect/index.js:183:5)
    at /home/blog/node_modules/.0.2.0@hexo-server/lib/middlewares/header.js:9:5
    at call (/home/blog/node_modules/.3.5.0@connect/index.js:239:7)
    at next (/home/blog/node_modules/.3.5.0@connect/index.js:183:5)
    at Function.handle (/home/blog/node_modules/.3.5.0@connect/index.js:186:3)
    at Server.app (/home/blog/node_modules/.3.5.0@connect/index.js:51:37)
    at emitTwo (events.js:106:13)
    at Server.emit (events.js:191:7)
    at HTTPParser.parserOnIncoming [as onIncoming] (_http_server.js:543:12)
    at HTTPParser.parserOnHeadersComplete (_http_common.js:99:23)
URIError: URI malformed
    at decodeURIComponent (native)
    at /home/blog/node_modules/.0.2.0@hexo-server/lib/middlewares/route.js:18:28
    at call (/home/blog/node_modules/.3.5.0@connect/index.js:239:7)
    at next (/home/blog/node_modules/.3.5.0@connect/index.js:183:5)
    at /home/blog/node_modules/.0.2.0@hexo-server/lib/middlewares/header.js:9:5
    at call (/home/blog/node_modules/.3.5.0@connect/index.js:239:7)
    at next (/home/blog/node_modules/.3.5.0@connect/index.js:183:5)
    at Function.handle (/home/blog/node_modules/.3.5.0@connect/index.js:186:3)
    at Server.app (/home/blog/node_modules/.3.5.0@connect/index.js:51:37)
    at emitTwo (events.js:106:13)
    at Server.emit (events.js:191:7)
    at HTTPParser.parserOnIncoming [as onIncoming] (_http_server.js:543:12)
    at HTTPParser.parserOnHeadersComplete (_http_common.js:99:23)
URIError: URI malformed
    at decodeURIComponent (native)
    at /home/blog/node_modules/.0.2.0@hexo-server/lib/middlewares/route.js:18:28
    at call (/home/blog/node_modules/.3.5.0@connect/index.js:239:7)
    at next (/home/blog/node_modules/.3.5.0@connect/index.js:183:5)
    at /home/blog/node_modules/.0.2.0@hexo-server/lib/middlewares/header.js:9:5
    at call (/home/blog/node_modules/.3.5.0@connect/index.js:239:7)
    at next (/home/blog/node_modules/.3.5.0@connect/index.js:183:5)
    at Function.handle (/home/blog/node_modules/.3.5.0@connect/index.js:186:3)
    at Server.app (/home/blog/node_modules/.3.5.0@connect/index.js:51:37)
    at emitTwo (events.js:106:13)
    at Server.emit (events.js:191:7)
    at HTTPParser.parserOnIncoming [as onIncoming] (_http_server.js:543:12)
    at HTTPParser.parserOnHeadersComplete (_http_common.js:99:23)
URIError: URI malformed
    at decodeURIComponent (native)
    at /home/blog/node_modules/.0.2.0@hexo-server/lib/middlewares/route.js:18:28
    at call (/home/blog/node_modules/.3.5.0@connect/index.js:239:7)
    at next (/home/blog/node_modules/.3.5.0@connect/index.js:183:5)
    at /home/blog/node_modules/.0.2.0@hexo-server/lib/middlewares/header.js:9:5
    at call (/home/blog/node_modules/.3.5.0@connect/index.js:239:7)
    at next (/home/blog/node_modules/.3.5.0@connect/index.js:183:5)
    at Function.handle (/home/blog/node_modules/.3.5.0@connect/index.js:186:3)
    at Server.app (/home/blog/node_modules/.3.5.0@connect/index.js:51:37)
    at emitTwo (events.js:106:13)
    at Server.emit (events.js:191:7)
    at HTTPParser.parserOnIncoming [as onIncoming] (_http_server.js:543:12)
    at HTTPParser.parserOnHeadersComplete (_http_common.js:99:23)
URIError: URI malformed
    at decodeURIComponent (native)
    at /home/blog/node_modules/.0.2.0@hexo-server/lib/middlewares/route.js:18:28
    at call (/home/blog/node_modules/.3.5.0@connect/index.js:239:7)
    at next (/home/blog/node_modules/.3.5.0@connect/index.js:183:5)
    at /home/blog/node_modules/.0.2.0@hexo-server/lib/middlewares/header.js:9:5
    at call (/home/blog/node_modules/.3.5.0@connect/index.js:239:7)
    at next (/home/blog/node_modules/.3.5.0@connect/index.js:183:5)
    at Function.handle (/home/blog/node_modules/.3.5.0@connect/index.js:186:3)
    at Server.app (/home/blog/node_modules/.3.5.0@connect/index.js:51:37)
    at emitTwo (events.js:106:13)
    at Server.emit (events.js:191:7)
    at HTTPParser.parserOnIncoming [as onIncoming] (_http_server.js:543:12)
    at HTTPParser.parserOnHeadersComplete (_http_common.js:99:23)
URIError: URI malformed
    at decodeURIComponent (native)
    at /home/blog/node_modules/.0.2.0@hexo-server/lib/middlewares/route.js:18:28
    at call (/home/blog/node_modules/.3.5.0@connect/index.js:239:7)
    at next (/home/blog/node_modules/.3.5.0@connect/index.js:183:5)
    at /home/blog/node_modules/.0.2.0@hexo-server/lib/middlewares/header.js:9:5
    at call (/home/blog/node_modules/.3.5.0@connect/index.js:239:7)
    at next (/home/blog/node_modules/.3.5.0@connect/index.js:183:5)
    at Function.handle (/home/blog/node_modules/.3.5.0@connect/index.js:186:3)
    at Server.app (/home/blog/node_modules/.3.5.0@connect/index.js:51:37)
    at emitTwo (events.js:106:13)
    at Server.emit (events.js:191:7)
    at HTTPParser.parserOnIncoming [as onIncoming] (_http_server.js:543:12)
    at HTTPParser.parserOnHeadersComplete (_http_common.js:99:23)
URIError: URI malformed
    at decodeURIComponent (native)
    at /home/blog/node_modules/.0.2.0@hexo-server/lib/middlewares/route.js:18:28
    at call (/home/blog/node_modules/.3.5.0@connect/index.js:239:7)
    at next (/home/blog/node_modules/.3.5.0@connect/index.js:183:5)
    at /home/blog/node_modules/.0.2.0@hexo-server/lib/middlewares/header.js:9:5
    at call (/home/blog/node_modules/.3.5.0@connect/index.js:239:7)
    at next (/home/blog/node_modules/.3.5.0@connect/index.js:183:5)
    at Function.handle (/home/blog/node_modules/.3.5.0@connect/index.js:186:3)
    at Server.app (/home/blog/node_modules/.3.5.0@connect/index.js:51:37)
    at emitTwo (events.js:106:13)
    at Server.emit (events.js:191:7)
    at HTTPParser.parserOnIncoming [as onIncoming] (_http_server.js:543:12)
    at HTTPParser.parserOnHeadersComplete (_http_common.js:99:23)
URIError: URI malformed
    at decodeURIComponent (native)
    at /home/blog/node_modules/.0.2.0@hexo-server/lib/middlewares/route.js:18:28
    at call (/home/blog/node_modules/.3.5.0@connect/index.js:239:7)
    at next (/home/blog/node_modules/.3.5.0@connect/index.js:183:5)
    at /home/blog/node_modules/.0.2.0@hexo-server/lib/middlewares/header.js:9:5
    at call (/home/blog/node_modules/.3.5.0@connect/index.js:239:7)
    at next (/home/blog/node_modules/.3.5.0@connect/index.js:183:5)
    at Function.handle (/home/blog/node_modules/.3.5.0@connect/index.js:186:3)
    at Server.app (/home/blog/node_modules/.3.5.0@connect/index.js:51:37)
    at emitTwo (events.js:106:13)
    at Server.emit (events.js:191:7)
    at HTTPParser.parserOnIncoming [as onIncoming] (_http_server.js:543:12)
    at HTTPParser.parserOnHeadersComplete (_http_common.js:99:23)
URIError: URI malformed
    at decodeURIComponent (native)
    at /home/blog/node_modules/.0.2.0@hexo-server/lib/middlewares/route.js:18:28
    at call (/home/blog/node_modules/.3.5.0@connect/index.js:239:7)
    at next (/home/blog/node_modules/.3.5.0@connect/index.js:183:5)
    at /home/blog/node_modules/.0.2.0@hexo-server/lib/middlewares/header.js:9:5
    at call (/home/blog/node_modules/.3.5.0@connect/index.js:239:7)
    at next (/home/blog/node_modules/.3.5.0@connect/index.js:183:5)
    at Function.handle (/home/blog/node_modules/.3.5.0@connect/index.js:186:3)
    at Server.app (/home/blog/node_modules/.3.5.0@connect/index.js:51:37)
    at emitTwo (events.js:106:13)
    at Server.emit (events.js:191:7)
    at HTTPParser.parserOnIncoming [as onIncoming] (_http_server.js:543:12)
    at HTTPParser.parserOnHeadersComplete (_http_common.js:99:23)
URIError: URI malformed
    at decodeURIComponent (native)
    at /home/blog/node_modules/.0.2.0@hexo-server/lib/middlewares/route.js:18:28
    at call (/home/blog/node_modules/.3.5.0@connect/index.js:239:7)
    at next (/home/blog/node_modules/.3.5.0@connect/index.js:183:5)
    at /home/blog/node_modules/.0.2.0@hexo-server/lib/middlewares/header.js:9:5
    at call (/home/blog/node_modules/.3.5.0@connect/index.js:239:7)
    at next (/home/blog/node_modules/.3.5.0@connect/index.js:183:5)
    at Function.handle (/home/blog/node_modules/.3.5.0@connect/index.js:186:3)
    at Server.app (/home/blog/node_modules/.3.5.0@connect/index.js:51:37)
    at emitTwo (events.js:106:13)
    at Server.emit (events.js:191:7)
    at HTTPParser.parserOnIncoming [as onIncoming] (_http_server.js:543:12)
    at HTTPParser.parserOnHeadersComplete (_http_common.js:99:23)
URIError: URI malformed
    at decodeURIComponent (native)
    at /home/blog/node_modules/.0.2.0@hexo-server/lib/middlewares/route.js:18:28
    at call (/home/blog/node_modules/.3.5.0@connect/index.js:239:7)
    at next (/home/blog/node_modules/.3.5.0@connect/index.js:183:5)
    at /home/blog/node_modules/.0.2.0@hexo-server/lib/middlewares/header.js:9:5
    at call (/home/blog/node_modules/.3.5.0@connect/index.js:239:7)
    at next (/home/blog/node_modules/.3.5.0@connect/index.js:183:5)
    at Function.handle (/home/blog/node_modules/.3.5.0@connect/index.js:186:3)
    at Server.app (/home/blog/node_modules/.3.5.0@connect/index.js:51:37)
    at emitTwo (events.js:106:13)
    at Server.emit (events.js:191:7)
    at HTTPParser.parserOnIncoming [as onIncoming] (_http_server.js:543:12)
    at HTTPParser.parserOnHeadersComplete (_http_common.js:99:23)
URIError: URI malformed
    at decodeURIComponent (native)
    at /home/blog/node_modules/.0.2.0@hexo-server/lib/middlewares/route.js:18:28
    at call (/home/blog/node_modules/.3.5.0@connect/index.js:239:7)
    at next (/home/blog/node_modules/.3.5.0@connect/index.js:183:5)
    at /home/blog/node_modules/.0.2.0@hexo-server/lib/middlewares/header.js:9:5
    at call (/home/blog/node_modules/.3.5.0@connect/index.js:239:7)
    at next (/home/blog/node_modules/.3.5.0@connect/index.js:183:5)
    at Function.handle (/home/blog/node_modules/.3.5.0@connect/index.js:186:3)
    at Server.app (/home/blog/node_modules/.3.5.0@connect/index.js:51:37)
    at emitTwo (events.js:106:13)
    at Server.emit (events.js:191:7)
    at HTTPParser.parserOnIncoming [as onIncoming] (_http_server.js:543:12)
    at HTTPParser.parserOnHeadersComplete (_http_common.js:99:23)
events.js:160
      throw er; // Unhandled 'error' event
      ^

Error: ENOENT: no such file or directory, open '/home/blog/source/uploads/head.png'
    at Error (native)
INFO  Start processing
INFO  Hexo is running at http://localhost:80/. Press Ctrl+C to stop.
INFO  Start processing
INFO  Hexo is running at http://localhost:80/. Press Ctrl+C to stop.
INFO  Start processing
INFO  Hexo is running at http://localhost:80/. Press Ctrl+C to stop.
